<?xml version="1.0" encoding="UTF-8"?>
<!-- Generated by org.testng.reporters.JUnitReportReporter -->
<testsuite hostname="DESKTOP-GU4IOJT" failures="0" tests="1" name="in.co.mercuryTravels.tests.MercuryTravelTestcases" time="4.897" errors="0" timestamp="2022-05-19T16:19:36 IST" skipped="0">
  <testcase classname="in.co.mercuryTravels.tests.MercuryTravelTestcases" name="verifyUserLoginWithCorrectCredential" time="4.897"/>
  <system-out/>
</testsuite> <!-- in.co.mercuryTravels.tests.MercuryTravelTestcases -->
