<?xml version="1.0" encoding="UTF-8"?>
<!-- Generated by org.testng.reporters.JUnitReportReporter -->
<testsuite hostname="DESKTOP-GU4IOJT" failures="0" tests="1" name="in.co.mercuryTravels.tests.MercuryTravelTestcases" time="3.829" errors="0" timestamp="2022-05-18T16:24:29 IST" skipped="0">
  <testcase classname="in.co.mercuryTravels.tests.MercuryTravelTestcases" name="verifyUserLoginWithCorrectCredential" time="3.829"/>
  <system-out/>
</testsuite> <!-- in.co.mercuryTravels.tests.MercuryTravelTestcases -->
